0 silly input [ 'build' ]
1 silly flags { _: [ 'run' ], script: 'build', args: [] }
2 verbose rootPath /Users/efftinge/Documents/theia-dev/theia-xtext
3 info version 2.4.0
4 silly existsSync /Users/efftinge/Documents/theia-dev/theia-xtext/VERSION
5 silly initialize attempt
6 silly initialize success
7 silly execute attempt
8 silly runScriptInPackageStreaming [ 'build', [], '@theia/xtext-dsl-extension' ]
9 silly getExecOpts { cwd: '/Users/efftinge/Documents/theia-dev/theia-xtext/xtext-dsl-extension' }
10 error execute callback with error
11 error Error: Command failed: npm run build
11 error sh: copy-ls: command not found
11 error npm ERR! file sh
11 error npm ERR! code ELIFECYCLE
11 error npm ERR! errno ENOENT
11 error npm ERR! syscall spawn
11 error npm ERR! @theia/xtext-dsl-extension@0.1.0 build: `tsc && copy-ls`
11 error npm ERR! spawn ENOENT
11 error npm ERR!
11 error npm ERR! Failed at the @theia/xtext-dsl-extension@0.1.0 build script.
11 error npm ERR! This is probably not a problem with npm. There is likely additional logging output above.
11 error
11 error npm ERR! A complete log of this run can be found in:
11 error npm ERR!     /Users/efftinge/.npm/_logs/2017-12-04T12_22_35_235Z-debug.log
11 error
11 error
11 error > @theia/xtext-dsl-extension@0.1.0 build /Users/efftinge/Documents/theia-dev/theia-xtext/xtext-dsl-extension
11 error > tsc && copy-ls
11 error
11 error
11 error     at Promise.all.then.arr (/Users/efftinge/Documents/theia-dev/theia-xtext/node_modules/execa/index.js:236:11)
11 error     at <anonymous>
